[debug] [2022-07-13T22:14:56.733Z] ----------------------------------------------------------------------
[debug] [2022-07-13T22:14:56.735Z] Command:       /Users/andrebroomes/.nvm/versions/node/v16.15.1/bin/node /Users/andrebroomes/.nvm/versions/node/v16.15.1/bin/firebase init
[debug] [2022-07-13T22:14:56.736Z] CLI Version:   11.2.2
[debug] [2022-07-13T22:14:56.736Z] Platform:      darwin
[debug] [2022-07-13T22:14:56.736Z] Node Version:  v16.15.1
[debug] [2022-07-13T22:14:56.737Z] Time:          Wed Jul 13 2022 18:14:56 GMT-0400 (Eastern Daylight Time)
[debug] [2022-07-13T22:14:56.737Z] ----------------------------------------------------------------------
[debug] 
[debug] [2022-07-13T22:14:56.744Z] > command requires scopes: ["email","openid","https://www.googleapis.com/auth/cloudplatformprojects.readonly","https://www.googleapis.com/auth/firebase","https://www.googleapis.com/auth/cloud-platform"]
[debug] [2022-07-13T22:14:56.744Z] > authorizing via signed-in user (tru3wreckz@gmail.com)
[info] 
     ######## #### ########  ######## ########     ###     ######  ########
     ##        ##  ##     ## ##       ##     ##  ##   ##  ##       ##
     ######    ##  ########  ######   ########  #########  ######  ######
     ##        ##  ##    ##  ##       ##     ## ##     ##       ## ##
     ##       #### ##     ## ######## ########  ##     ##  ######  ########

You're about to initialize a Firebase project in this directory:

  /Users/andrebroomes/Development/project/soccer

[info] 
=== Project Setup
[info] 
[info] First, let's associate this project directory with a Firebase project.
[info] You can create multiple project aliases by running firebase use --add, 
[info] but for now we'll just set up a default project.
[info] 
[debug] [2022-07-13T22:15:34.487Z] >>> [apiv2][query] GET https://firebase.googleapis.com/v1beta1/projects pageSize=100
[debug] [2022-07-13T22:15:34.965Z] <<< [apiv2][status] GET https://firebase.googleapis.com/v1beta1/projects 200
[debug] [2022-07-13T22:15:34.966Z] <<< [apiv2][body] GET https://firebase.googleapis.com/v1beta1/projects [omitted]
[info] i  Using project capstone-def88 (capstone) 
[info] 
=== Hosting Setup
[info] 
[info] Your public directory is the folder (relative to your project directory) that
[info] will contain Hosting assets to be uploaded with firebase deploy. If you
[info] have a build process for your assets, use your build's output directory.
[info] 
[debug] [2022-07-13T22:16:12.862Z] >>> [apiv2][query] GET https://www.gstatic.com/firebasejs/releases.json [none]
[debug] [2022-07-13T22:16:13.295Z] <<< [apiv2][status] GET https://www.gstatic.com/firebasejs/releases.json 200
[debug] [2022-07-13T22:16:13.295Z] <<< [apiv2][body] GET https://www.gstatic.com/firebasejs/releases.json {"current":{"version":"9.9.0","browserURL":"https://www.gstatic.com/firebasejs/9.9.0/firebase.js","packageURL":"https://www.gstatic.com/firebasejs/9.9.0/firebase.tgz"},"live":{"version":"9.9","browserURL":"https://www.gstatic.com/firebasejs/live/9.9/firebase.js","packageURL":"https://www.gstatic.com/firebasejs/live/9.9/firebase.tgz"},"components":{"analytics":"https://www.gstatic.com/firebasejs/9.9.0/firebase-analytics.js","app":"https://www.gstatic.com/firebasejs/9.9.0/firebase-app.js","app-check":"https://www.gstatic.com/firebasejs/9.9.0/firebase-app-check.js","auth":"https://www.gstatic.com/firebasejs/9.9.0/firebase-auth.js","auth/cordova":"https://www.gstatic.com/firebasejs/9.9.0/firebase-auth/cordova.js","auth/react-native":"https://www.gstatic.com/firebasejs/9.9.0/firebase-auth/react-native.js","functions":"https://www.gstatic.com/firebasejs/9.9.0/firebase-functions.js","firestore":"https://www.gstatic.com/firebasejs/9.9.0/firebase-firestore.js","firestore/lite":"https://www.gstatic.com/firebasejs/9.9.0/firebase-firestore/lite.js","installations":"https://www.gstatic.com/firebasejs/9.9.0/firebase-installations.js","storage":"https://www.gstatic.com/firebasejs/9.9.0/firebase-storage.js","performance":"https://www.gstatic.com/firebasejs/9.9.0/firebase-performance.js","remote-config":"https://www.gstatic.com/firebasejs/9.9.0/firebase-remote-config.js","messaging":"https://www.gstatic.com/firebasejs/9.9.0/firebase-messaging.js","messaging/sw":"https://www.gstatic.com/firebasejs/9.9.0/firebase-messaging/sw.js","database":"https://www.gstatic.com/firebasejs/9.9.0/firebase-database.js","firestore.memory":"https://www.gstatic.com/firebasejs/9.9.0/firebase-firestore.memory.js"}}
[info] i  Skipping write of public/index.html 
[info] 
[info] i  Detected a .git folder at /Users/andrebroomes/Development/project/soccer 
[info] i  Authorizing with GitHub to upload your service account to a GitHub repository's secrets store. 
[info] 
[info] Visit this URL on this device to log in:
[info] https://github.com/login/oauth/authorize?client_id=89cf50f02ac6aaed3484&state=899996834&redirect_uri=http%3A%2F%2Flocalhost%3A9005&scope=read%3Auser%20repo%20public_repo
[info] 
[info] Waiting for authentication...
[debug] [2022-07-13T22:16:24.590Z] >>> [apiv2][query] POST https://github.com/login/oauth/access_token [none]
[debug] [2022-07-13T22:16:24.590Z] >>> [apiv2][body] POST https://github.com/login/oauth/access_token [stream]
[debug] [2022-07-13T22:16:24.865Z] <<< [apiv2][status] POST https://github.com/login/oauth/access_token 200
[debug] [2022-07-13T22:16:24.865Z] <<< [apiv2][body] POST https://github.com/login/oauth/access_token {"access_token":"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","token_type":"bearer","scope":"read:user,repo"}
[debug] [2022-07-13T22:16:24.877Z] >>> [apiv2][query] GET https://api.github.com/user [none]
[debug] [2022-07-13T22:16:25.129Z] <<< [apiv2][status] GET https://api.github.com/user 200
[debug] [2022-07-13T22:16:25.129Z] <<< [apiv2][body] GET https://api.github.com/user {"login":"AndreBroomes","id":93737477,"node_id":"U_kgDOBZZSBQ","avatar_url":"https://avatars.githubusercontent.com/u/93737477?v=4","gravatar_id":"","url":"https://api.github.com/users/AndreBroomes","html_url":"https://github.com/AndreBroomes","followers_url":"https://api.github.com/users/AndreBroomes/followers","following_url":"https://api.github.com/users/AndreBroomes/following{/other_user}","gists_url":"https://api.github.com/users/AndreBroomes/gists{/gist_id}","starred_url":"https://api.github.com/users/AndreBroomes/starred{/owner}{/repo}","subscriptions_url":"https://api.github.com/users/AndreBroomes/subscriptions","organizations_url":"https://api.github.com/users/AndreBroomes/orgs","repos_url":"https://api.github.com/users/AndreBroomes/repos","events_url":"https://api.github.com/users/AndreBroomes/events{/privacy}","received_events_url":"https://api.github.com/users/AndreBroomes/received_events","type":"User","site_admin":false,"name":null,"company":null,"blog":"","location":null,"email":null,"hireable":null,"bio":null,"twitter_username":null,"public_repos":115,"public_gists":0,"followers":0,"following":0,"created_at":"2021-11-04T19:55:40Z","updated_at":"2022-04-15T00:36:37Z","private_gists":0,"total_private_repos":0,"owned_private_repos":0,"disk_usage":10980,"collaborators":0,"two_factor_authentication":false,"plan":{"name":"free","space":976562499,"collaborators":0,"private_repos":10000}}
[info] 
[info] ✔  Success! Logged into GitHub as AndreBroomes 
[info] 
